<?xml version="1.0" encoding="UTF-8"?>
<!-- Generated by org.testng.reporters.JUnitXMLReporter -->
<testsuite ignored="0" hostname="Azmat" failures="0" tests="4" name="Default test" time="15.487" errors="0" timestamp="2025-03-30T03:08:09 IST">
  <testcase classname="Assignment.Assign" name="Home" time="9.03"/>
  <testcase classname="Assignment.Assign" name="HomePageTitle" time="0.022"/>
  <testcase classname="Assignment.Assign" name="TopTab" time="0.055"/>
  <testcase classname="Assignment.Assign" name="Story" time="2.879"/>
</testsuite> <!-- Default test -->
