<?xml version="1.0" encoding="UTF-8"?>
<!-- Generated by org.testng.reporters.JUnitXMLReporter -->
<testsuite ignored="0" hostname="Azmat" failures="0" tests="4" name="Test" time="18.541" errors="0" timestamp="2025-03-29T02:09:56 IST">
  <testcase classname="Assignment.Assign" name="Home" time="4.333"/>
  <testcase classname="Assignment.Assign" name="HomePageTitle" time="0.032"/>
  <testcase classname="Assignment.Assign" name="TopTab" time="0.085"/>
  <testcase classname="Assignment.Assign" name="Story" time="2.177"/>
</testsuite> <!-- Test -->
