<?xml version="1.0" encoding="UTF-8"?>
<!-- Generated by org.testng.reporters.JUnitXMLReporter -->
<testsuite ignored="0" hostname="Azmat" failures="0" tests="4" name="Test" time="15.993" errors="0" timestamp="2025-03-29T14:58:08 IST">
  <testcase classname="Assignment.Assign" name="Home" time="3.296"/>
  <testcase classname="Assignment.Assign" name="HomePageTitle" time="0.02"/>
  <testcase classname="Assignment.Assign" name="TopTab" time="0.049"/>
  <testcase classname="Assignment.Assign" name="Story" time="2.299"/>
</testsuite> <!-- Test -->
