<?xml version="1.0" encoding="UTF-8"?>
<testsuite xmlns:xsi="http://www.w3.org/2001/XMLSchema-instance" xsi:noNamespaceSchemaLocation="https://maven.apache.org/surefire/maven-surefire-plugin/xsd/surefire-test-report.xsd" version="3.0.2" name="TestSuite" time="17.298" tests="4" errors="0" skipped="0" failures="0">
  <properties>
[...]
</properties>
  <testcase name="Home" classname="Assignment.Assign" time="3.296">
    <system-out><![CDATA[22
Home
Live TV
World
Viral
Latest News
India News
Web Stories
Science News
Opinion
Entertainment
Defence
SportFit
Republic Business
Education
Election News
Health
Videos
Tech
Initiatives
Lifestyle
Travel
Travel News | Latest Travel News | Travel News Updates | Travel News Today | Republic World
Good News
]]></system-out>
    <system-err><![CDATA[SLF4J(W): No SLF4J providers were found.
SLF4J(W): Defaulting to no-operation (NOP) logger implementation
SLF4J(W): See https://www.slf4j.org/codes.html#noProviders for further details.
]]></system-err>
  </testcase>
  <testcase name="HomePageTitle" classname="Assignment.Assign" time="0.016">
    <system-out><![CDATA[Title of Home Page is: Latest News, News Today, Breaking News, India News and Current News | Republic World
]]></system-out>
  </testcase>
  <testcase name="TopTab" classname="Assignment.Assign" time="0.05">
    <system-out><![CDATA[Header Links are Mentioned Below
Republic World
Republic Business
R.Bharat
R.Bangla
R.Kannada
]]></system-out>
  </testcase>
  <testcase name="Story" classname="Assignment.Assign" time="2.3">
    <system-out><![CDATA[Sport Page Title is : SportFit | Sports News | Latest Sports News | Live Match Scores | Sports News Today | Republic World
url of Home Page is: https://www.republicworld.com/
]]></system-out>
  </testcase>
</testsuite>